2020-04-22 10:16:28.894  INFO 220 --- [main] cn.healthy.manage.ManageApplication      : Starting ManageApplication on Xym with PID 220 (started by XyM in E:\graduation project\manage)
2020-04-22 10:16:28.904  INFO 220 --- [main] cn.healthy.manage.ManageApplication      : No active profile set, falling back to default profiles: default
2020-04-22 10:16:30.575  WARN 220 --- [main] o.m.s.mapper.ClassPathMapperScanner      : Skipping MapperFactoryBean with name 'exerciseMapper' and 'cn.healthy.manage.mapper.ExerciseMapper' mapperInterface. Bean already defined with the same name!
2020-04-22 10:16:30.575  WARN 220 --- [main] o.m.s.mapper.ClassPathMapperScanner      : Skipping MapperFactoryBean with name 'foodMapper' and 'cn.healthy.manage.mapper.FoodMapper' mapperInterface. Bean already defined with the same name!
2020-04-22 10:16:30.576  WARN 220 --- [main] o.m.s.mapper.ClassPathMapperScanner      : Skipping MapperFactoryBean with name 'ordersMapper' and 'cn.healthy.manage.mapper.OrdersMapper' mapperInterface. Bean already defined with the same name!
2020-04-22 10:16:30.576  WARN 220 --- [main] o.m.s.mapper.ClassPathMapperScanner      : Skipping MapperFactoryBean with name 'proClassMapper' and 'cn.healthy.manage.mapper.ProClassMapper' mapperInterface. Bean already defined with the same name!
2020-04-22 10:16:30.576  WARN 220 --- [main] o.m.s.mapper.ClassPathMapperScanner      : Skipping MapperFactoryBean with name 'productMapper' and 'cn.healthy.manage.mapper.ProductMapper' mapperInterface. Bean already defined with the same name!
2020-04-22 10:16:30.577  WARN 220 --- [main] o.m.s.mapper.ClassPathMapperScanner      : Skipping MapperFactoryBean with name 'shoppingCarMapper' and 'cn.healthy.manage.mapper.ShoppingCarMapper' mapperInterface. Bean already defined with the same name!
2020-04-22 10:16:30.577  WARN 220 --- [main] o.m.s.mapper.ClassPathMapperScanner      : Skipping MapperFactoryBean with name 'userMapper' and 'cn.healthy.manage.mapper.UserMapper' mapperInterface. Bean already defined with the same name!
2020-04-22 10:16:30.577  WARN 220 --- [main] o.m.s.mapper.ClassPathMapperScanner      : No MyBatis mapper was found in '[cn.healthy.manage.**.mapper]' package. Please check your configuration.
2020-04-22 10:16:31.144  INFO 220 --- [main] o.s.b.w.embedded.tomcat.TomcatWebServer  : Tomcat initialized with port(s): 8080 (http)
2020-04-22 10:16:31.154  INFO 220 --- [main] o.apache.catalina.core.StandardService   : Starting service [Tomcat]
2020-04-22 10:16:31.154  INFO 220 --- [main] org.apache.catalina.core.StandardEngine  : Starting Servlet engine: [Apache Tomcat/9.0.30]
2020-04-22 10:16:31.156  INFO 220 --- [main] o.a.catalina.core.AprLifecycleListener   : An older version [1.2.17] of the APR based Apache Tomcat Native library is installed, while Tomcat recommends a minimum version of [1.2.23]
2020-04-22 10:16:31.156  INFO 220 --- [main] o.a.catalina.core.AprLifecycleListener   : Loaded APR based Apache Tomcat Native library [1.2.17] using APR version [1.6.3].
2020-04-22 10:16:31.156  INFO 220 --- [main] o.a.catalina.core.AprLifecycleListener   : APR capabilities: IPv6 [true], sendfile [true], accept filters [false], random [true].
2020-04-22 10:16:31.156  INFO 220 --- [main] o.a.catalina.core.AprLifecycleListener   : APR/OpenSSL configuration: useAprConnector [false], useOpenSSL [true]
2020-04-22 10:16:32.255  INFO 220 --- [main] o.a.catalina.core.AprLifecycleListener   : OpenSSL successfully initialized [OpenSSL 1.0.2o  27 Mar 2018]
2020-04-22 10:16:32.442  INFO 220 --- [main] o.a.c.c.C.[Tomcat].[localhost].[/]       : Initializing Spring embedded WebApplicationContext
2020-04-22 10:16:32.442  INFO 220 --- [main] o.s.web.context.ContextLoader            : Root WebApplicationContext: initialization completed in 3450 ms
2020-04-22 10:16:32.787  INFO 220 --- [main] com.zaxxer.hikari.HikariDataSource       : HikariPool-1 - Starting...
2020-04-22 10:16:33.098  INFO 220 --- [main] com.zaxxer.hikari.HikariDataSource       : HikariPool-1 - Start completed.
2020-04-22 10:16:33.890  INFO 220 --- [main] o.s.s.concurrent.ThreadPoolTaskExecutor  : Initializing ExecutorService 'applicationTaskExecutor'
2020-04-22 10:16:34.143  INFO 220 --- [main] o.s.b.w.embedded.tomcat.TomcatWebServer  : Tomcat started on port(s): 8080 (http) with context path ''
2020-04-22 10:16:34.146  INFO 220 --- [main] cn.healthy.manage.ManageApplication      : Started ManageApplication in 5.893 seconds (JVM running for 8.286)
2020-04-22 10:17:15.280  INFO 220 --- [http-nio-8080-exec-2] o.a.c.c.C.[Tomcat].[localhost].[/]       : Initializing Spring DispatcherServlet 'dispatcherServlet'
2020-04-22 10:17:15.280  INFO 220 --- [http-nio-8080-exec-2] o.s.web.servlet.DispatcherServlet        : Initializing Servlet 'dispatcherServlet'
2020-04-22 10:17:15.291  INFO 220 --- [http-nio-8080-exec-2] o.s.web.servlet.DispatcherServlet        : Completed initialization in 11 ms
2020-04-22 10:17:15.383 DEBUG 220 --- [http-nio-8080-exec-2] c.h.manage.mapper.FoodMapper.selectFood  : ==>  Preparing: select * from food where name like CONCAT("%",?,"%") 
2020-04-22 10:17:15.413 DEBUG 220 --- [http-nio-8080-exec-2] c.h.manage.mapper.FoodMapper.selectFood  : ==> Parameters: {
	
}(String)
2020-04-22 10:17:15.663 DEBUG 220 --- [http-nio-8080-exec-2] c.h.manage.mapper.FoodMapper.selectFood  : <==      Total: 0
2020-04-22 10:17:34.416 DEBUG 220 --- [http-nio-8080-exec-3] c.h.manage.mapper.FoodMapper.selectFood  : ==>  Preparing: select * from food where name like CONCAT("%",?,"%") 
2020-04-22 10:17:34.417 DEBUG 220 --- [http-nio-8080-exec-3] c.h.manage.mapper.FoodMapper.selectFood  : ==> Parameters: {
	"name":null
}(String)
2020-04-22 10:17:34.418 DEBUG 220 --- [http-nio-8080-exec-3] c.h.manage.mapper.FoodMapper.selectFood  : <==      Total: 0
2020-04-22 10:17:51.263  INFO 15212 --- [main] cn.healthy.manage.ManageApplication      : Starting ManageApplication on Xym with PID 15212 (started by XyM in E:\graduation project\manage)
2020-04-22 10:17:51.268  INFO 15212 --- [main] cn.healthy.manage.ManageApplication      : No active profile set, falling back to default profiles: default
2020-04-22 10:17:52.562  WARN 15212 --- [main] o.m.s.mapper.ClassPathMapperScanner      : Skipping MapperFactoryBean with name 'exerciseMapper' and 'cn.healthy.manage.mapper.ExerciseMapper' mapperInterface. Bean already defined with the same name!
2020-04-22 10:17:52.563  WARN 15212 --- [main] o.m.s.mapper.ClassPathMapperScanner      : Skipping MapperFactoryBean with name 'foodMapper' and 'cn.healthy.manage.mapper.FoodMapper' mapperInterface. Bean already defined with the same name!
2020-04-22 10:17:52.563  WARN 15212 --- [main] o.m.s.mapper.ClassPathMapperScanner      : Skipping MapperFactoryBean with name 'ordersMapper' and 'cn.healthy.manage.mapper.OrdersMapper' mapperInterface. Bean already defined with the same name!
2020-04-22 10:17:52.563  WARN 15212 --- [main] o.m.s.mapper.ClassPathMapperScanner      : Skipping MapperFactoryBean with name 'proClassMapper' and 'cn.healthy.manage.mapper.ProClassMapper' mapperInterface. Bean already defined with the same name!
2020-04-22 10:17:52.564  WARN 15212 --- [main] o.m.s.mapper.ClassPathMapperScanner      : Skipping MapperFactoryBean with name 'productMapper' and 'cn.healthy.manage.mapper.ProductMapper' mapperInterface. Bean already defined with the same name!
2020-04-22 10:17:52.564  WARN 15212 --- [main] o.m.s.mapper.ClassPathMapperScanner      : Skipping MapperFactoryBean with name 'shoppingCarMapper' and 'cn.healthy.manage.mapper.ShoppingCarMapper' mapperInterface. Bean already defined with the same name!
2020-04-22 10:17:52.564  WARN 15212 --- [main] o.m.s.mapper.ClassPathMapperScanner      : Skipping MapperFactoryBean with name 'userMapper' and 'cn.healthy.manage.mapper.UserMapper' mapperInterface. Bean already defined with the same name!
2020-04-22 10:17:52.565  WARN 15212 --- [main] o.m.s.mapper.ClassPathMapperScanner      : No MyBatis mapper was found in '[cn.healthy.manage.**.mapper]' package. Please check your configuration.
2020-04-22 10:17:55.875  INFO 15212 --- [main] o.s.b.w.embedded.tomcat.TomcatWebServer  : Tomcat initialized with port(s): 8080 (http)
2020-04-22 10:17:55.914  INFO 15212 --- [main] o.apache.catalina.core.StandardService   : Starting service [Tomcat]
2020-04-22 10:17:55.915  INFO 15212 --- [main] org.apache.catalina.core.StandardEngine  : Starting Servlet engine: [Apache Tomcat/9.0.30]
2020-04-22 10:17:55.929  INFO 15212 --- [main] o.a.catalina.core.AprLifecycleListener   : An older version [1.2.17] of the APR based Apache Tomcat Native library is installed, while Tomcat recommends a minimum version of [1.2.23]
2020-04-22 10:17:55.929  INFO 15212 --- [main] o.a.catalina.core.AprLifecycleListener   : Loaded APR based Apache Tomcat Native library [1.2.17] using APR version [1.6.3].
2020-04-22 10:17:55.929  INFO 15212 --- [main] o.a.catalina.core.AprLifecycleListener   : APR capabilities: IPv6 [true], sendfile [true], accept filters [false], random [true].
2020-04-22 10:17:55.930  INFO 15212 --- [main] o.a.catalina.core.AprLifecycleListener   : APR/OpenSSL configuration: useAprConnector [false], useOpenSSL [true]
2020-04-22 10:17:57.008  INFO 15212 --- [main] o.a.catalina.core.AprLifecycleListener   : OpenSSL successfully initialized [OpenSSL 1.0.2o  27 Mar 2018]
2020-04-22 10:17:57.282  INFO 15212 --- [main] o.a.c.c.C.[Tomcat].[localhost].[/]       : Initializing Spring embedded WebApplicationContext
2020-04-22 10:17:57.282  INFO 15212 --- [main] o.s.web.context.ContextLoader            : Root WebApplicationContext: initialization completed in 5897 ms
2020-04-22 10:17:57.838  INFO 15212 --- [main] com.zaxxer.hikari.HikariDataSource       : HikariPool-1 - Starting...
2020-04-22 10:17:58.230  INFO 15212 --- [main] com.zaxxer.hikari.HikariDataSource       : HikariPool-1 - Start completed.
2020-04-22 10:17:59.669  INFO 15212 --- [main] o.s.s.concurrent.ThreadPoolTaskExecutor  : Initializing ExecutorService 'applicationTaskExecutor'
2020-04-22 10:18:00.207  INFO 15212 --- [main] o.s.b.w.embedded.tomcat.TomcatWebServer  : Tomcat started on port(s): 8080 (http) with context path ''
2020-04-22 10:18:00.221  INFO 15212 --- [main] cn.healthy.manage.ManageApplication      : Started ManageApplication in 9.642 seconds (JVM running for 13.071)
2020-04-22 10:18:03.797  INFO 15212 --- [http-nio-8080-exec-1] o.a.c.c.C.[Tomcat].[localhost].[/]       : Initializing Spring DispatcherServlet 'dispatcherServlet'
2020-04-22 10:18:03.798  INFO 15212 --- [http-nio-8080-exec-1] o.s.web.servlet.DispatcherServlet        : Initializing Servlet 'dispatcherServlet'
2020-04-22 10:18:03.818  INFO 15212 --- [http-nio-8080-exec-1] o.s.web.servlet.DispatcherServlet        : Completed initialization in 20 ms
2020-04-22 10:20:55.362  WARN 15212 --- [HikariPool-1 housekeeper] com.zaxxer.hikari.pool.HikariPool        : HikariPool-1 - Thread starvation or clock leap detected (housekeeper delta=2m57s31ms642µs814ns).
2020-04-22 10:20:58.859 DEBUG 15212 --- [http-nio-8080-exec-1] c.h.manage.mapper.FoodMapper.selectFood  : ==>  Preparing: select * from food where name like CONCAT("%",?,"%") 
2020-04-22 10:20:58.862 DEBUG 15212 --- [http-nio-8080-exec-4] c.h.manage.mapper.FoodMapper.selectFood  : ==>  Preparing: select * from food where name like CONCAT("%",?,"%") 
2020-04-22 10:20:58.935 DEBUG 15212 --- [http-nio-8080-exec-1] c.h.manage.mapper.FoodMapper.selectFood  : ==> Parameters: {
	"name":null
}(String)
2020-04-22 10:20:58.935 DEBUG 15212 --- [http-nio-8080-exec-4] c.h.manage.mapper.FoodMapper.selectFood  : ==> Parameters: {
	"name":"菜"
}(String)
2020-04-22 10:20:59.009 DEBUG 15212 --- [http-nio-8080-exec-4] c.h.manage.mapper.FoodMapper.selectFood  : <==      Total: 0
2020-04-22 10:20:59.009 DEBUG 15212 --- [http-nio-8080-exec-1] c.h.manage.mapper.FoodMapper.selectFood  : <==      Total: 0
2020-04-22 10:21:06.915  INFO 14196 --- [main] cn.healthy.manage.ManageApplication      : Starting ManageApplication on Xym with PID 14196 (started by XyM in E:\graduation project\manage)
2020-04-22 10:21:06.920  INFO 14196 --- [main] cn.healthy.manage.ManageApplication      : No active profile set, falling back to default profiles: default
2020-04-22 10:21:08.093  WARN 14196 --- [main] o.m.s.mapper.ClassPathMapperScanner      : Skipping MapperFactoryBean with name 'exerciseMapper' and 'cn.healthy.manage.mapper.ExerciseMapper' mapperInterface. Bean already defined with the same name!
2020-04-22 10:21:08.094  WARN 14196 --- [main] o.m.s.mapper.ClassPathMapperScanner      : Skipping MapperFactoryBean with name 'foodMapper' and 'cn.healthy.manage.mapper.FoodMapper' mapperInterface. Bean already defined with the same name!
2020-04-22 10:21:08.095  WARN 14196 --- [main] o.m.s.mapper.ClassPathMapperScanner      : Skipping MapperFactoryBean with name 'ordersMapper' and 'cn.healthy.manage.mapper.OrdersMapper' mapperInterface. Bean already defined with the same name!
2020-04-22 10:21:08.095  WARN 14196 --- [main] o.m.s.mapper.ClassPathMapperScanner      : Skipping MapperFactoryBean with name 'proClassMapper' and 'cn.healthy.manage.mapper.ProClassMapper' mapperInterface. Bean already defined with the same name!
2020-04-22 10:21:08.095  WARN 14196 --- [main] o.m.s.mapper.ClassPathMapperScanner      : Skipping MapperFactoryBean with name 'productMapper' and 'cn.healthy.manage.mapper.ProductMapper' mapperInterface. Bean already defined with the same name!
2020-04-22 10:21:08.095  WARN 14196 --- [main] o.m.s.mapper.ClassPathMapperScanner      : Skipping MapperFactoryBean with name 'shoppingCarMapper' and 'cn.healthy.manage.mapper.ShoppingCarMapper' mapperInterface. Bean already defined with the same name!
2020-04-22 10:21:08.096  WARN 14196 --- [main] o.m.s.mapper.ClassPathMapperScanner      : Skipping MapperFactoryBean with name 'userMapper' and 'cn.healthy.manage.mapper.UserMapper' mapperInterface. Bean already defined with the same name!
2020-04-22 10:21:08.096  WARN 14196 --- [main] o.m.s.mapper.ClassPathMapperScanner      : No MyBatis mapper was found in '[cn.healthy.manage.**.mapper]' package. Please check your configuration.
2020-04-22 10:21:10.666  INFO 14196 --- [main] o.s.b.w.embedded.tomcat.TomcatWebServer  : Tomcat initialized with port(s): 8080 (http)
2020-04-22 10:21:10.698  INFO 14196 --- [main] o.apache.catalina.core.StandardService   : Starting service [Tomcat]
2020-04-22 10:21:10.699  INFO 14196 --- [main] org.apache.catalina.core.StandardEngine  : Starting Servlet engine: [Apache Tomcat/9.0.30]
2020-04-22 10:21:10.708  INFO 14196 --- [main] o.a.catalina.core.AprLifecycleListener   : An older version [1.2.17] of the APR based Apache Tomcat Native library is installed, while Tomcat recommends a minimum version of [1.2.23]
2020-04-22 10:21:10.708  INFO 14196 --- [main] o.a.catalina.core.AprLifecycleListener   : Loaded APR based Apache Tomcat Native library [1.2.17] using APR version [1.6.3].
2020-04-22 10:21:10.708  INFO 14196 --- [main] o.a.catalina.core.AprLifecycleListener   : APR capabilities: IPv6 [true], sendfile [true], accept filters [false], random [true].
2020-04-22 10:21:10.709  INFO 14196 --- [main] o.a.catalina.core.AprLifecycleListener   : APR/OpenSSL configuration: useAprConnector [false], useOpenSSL [true]
2020-04-22 10:21:11.793  INFO 14196 --- [main] o.a.catalina.core.AprLifecycleListener   : OpenSSL successfully initialized [OpenSSL 1.0.2o  27 Mar 2018]
2020-04-22 10:21:12.131  INFO 14196 --- [main] o.a.c.c.C.[Tomcat].[localhost].[/]       : Initializing Spring embedded WebApplicationContext
2020-04-22 10:21:12.132  INFO 14196 --- [main] o.s.web.context.ContextLoader            : Root WebApplicationContext: initialization completed in 5117 ms
2020-04-22 10:21:12.816  INFO 14196 --- [main] com.zaxxer.hikari.HikariDataSource       : HikariPool-1 - Starting...
2020-04-22 10:21:13.200  INFO 14196 --- [main] com.zaxxer.hikari.HikariDataSource       : HikariPool-1 - Start completed.
2020-04-22 10:21:14.452  INFO 14196 --- [main] o.s.s.concurrent.ThreadPoolTaskExecutor  : Initializing ExecutorService 'applicationTaskExecutor'
2020-04-22 10:21:14.928  INFO 14196 --- [main] o.s.b.w.embedded.tomcat.TomcatWebServer  : Tomcat started on port(s): 8080 (http) with context path ''
2020-04-22 10:21:14.938  INFO 14196 --- [main] cn.healthy.manage.ManageApplication      : Started ManageApplication in 8.951 seconds (JVM running for 11.319)
2020-04-22 10:21:19.698  INFO 14196 --- [http-nio-8080-exec-1] o.a.c.c.C.[Tomcat].[localhost].[/]       : Initializing Spring DispatcherServlet 'dispatcherServlet'
2020-04-22 10:21:19.698  INFO 14196 --- [http-nio-8080-exec-1] o.s.web.servlet.DispatcherServlet        : Initializing Servlet 'dispatcherServlet'
2020-04-22 10:21:19.714  INFO 14196 --- [http-nio-8080-exec-1] o.s.web.servlet.DispatcherServlet        : Completed initialization in 16 ms
2020-04-22 10:22:40.632  WARN 14196 --- [HikariPool-1 housekeeper] com.zaxxer.hikari.pool.HikariPool        : HikariPool-1 - Thread starvation or clock leap detected (housekeeper delta=1m27s216ms483µs609ns).
2020-04-22 10:22:42.736 DEBUG 14196 --- [http-nio-8080-exec-1] c.h.manage.mapper.FoodMapper.selectFood  : ==>  Preparing: select * from food where name like CONCAT("%",?,"%") 
2020-04-22 10:22:43.096 DEBUG 14196 --- [http-nio-8080-exec-1] c.h.manage.mapper.FoodMapper.selectFood  : ==> Parameters: {
	"name":"菜"
}(String)
2020-04-22 10:22:43.406 DEBUG 14196 --- [http-nio-8080-exec-1] c.h.manage.mapper.FoodMapper.selectFood  : <==      Total: 0
2020-04-22 10:22:56.664  INFO 15124 --- [main] cn.healthy.manage.ManageApplication      : Starting ManageApplication on Xym with PID 15124 (started by XyM in E:\graduation project\manage)
2020-04-22 10:22:56.669  INFO 15124 --- [main] cn.healthy.manage.ManageApplication      : No active profile set, falling back to default profiles: default
2020-04-22 10:22:57.695  WARN 15124 --- [main] o.m.s.mapper.ClassPathMapperScanner      : Skipping MapperFactoryBean with name 'exerciseMapper' and 'cn.healthy.manage.mapper.ExerciseMapper' mapperInterface. Bean already defined with the same name!
2020-04-22 10:22:57.695  WARN 15124 --- [main] o.m.s.mapper.ClassPathMapperScanner      : Skipping MapperFactoryBean with name 'foodMapper' and 'cn.healthy.manage.mapper.FoodMapper' mapperInterface. Bean already defined with the same name!
2020-04-22 10:22:57.695  WARN 15124 --- [main] o.m.s.mapper.ClassPathMapperScanner      : Skipping MapperFactoryBean with name 'ordersMapper' and 'cn.healthy.manage.mapper.OrdersMapper' mapperInterface. Bean already defined with the same name!
2020-04-22 10:22:57.696  WARN 15124 --- [main] o.m.s.mapper.ClassPathMapperScanner      : Skipping MapperFactoryBean with name 'proClassMapper' and 'cn.healthy.manage.mapper.ProClassMapper' mapperInterface. Bean already defined with the same name!
2020-04-22 10:22:57.696  WARN 15124 --- [main] o.m.s.mapper.ClassPathMapperScanner      : Skipping MapperFactoryBean with name 'productMapper' and 'cn.healthy.manage.mapper.ProductMapper' mapperInterface. Bean already defined with the same name!
2020-04-22 10:22:57.696  WARN 15124 --- [main] o.m.s.mapper.ClassPathMapperScanner      : Skipping MapperFactoryBean with name 'shoppingCarMapper' and 'cn.healthy.manage.mapper.ShoppingCarMapper' mapperInterface. Bean already defined with the same name!
2020-04-22 10:22:57.696  WARN 15124 --- [main] o.m.s.mapper.ClassPathMapperScanner      : Skipping MapperFactoryBean with name 'userMapper' and 'cn.healthy.manage.mapper.UserMapper' mapperInterface. Bean already defined with the same name!
2020-04-22 10:22:57.696  WARN 15124 --- [main] o.m.s.mapper.ClassPathMapperScanner      : No MyBatis mapper was found in '[cn.healthy.manage.**.mapper]' package. Please check your configuration.
2020-04-22 10:23:00.013  INFO 15124 --- [main] o.s.b.w.embedded.tomcat.TomcatWebServer  : Tomcat initialized with port(s): 8080 (http)
2020-04-22 10:23:00.032  INFO 15124 --- [main] o.apache.catalina.core.StandardService   : Starting service [Tomcat]
2020-04-22 10:23:00.032  INFO 15124 --- [main] org.apache.catalina.core.StandardEngine  : Starting Servlet engine: [Apache Tomcat/9.0.30]
2020-04-22 10:23:00.038  INFO 15124 --- [main] o.a.catalina.core.AprLifecycleListener   : An older version [1.2.17] of the APR based Apache Tomcat Native library is installed, while Tomcat recommends a minimum version of [1.2.23]
2020-04-22 10:23:00.038  INFO 15124 --- [main] o.a.catalina.core.AprLifecycleListener   : Loaded APR based Apache Tomcat Native library [1.2.17] using APR version [1.6.3].
2020-04-22 10:23:00.038  INFO 15124 --- [main] o.a.catalina.core.AprLifecycleListener   : APR capabilities: IPv6 [true], sendfile [true], accept filters [false], random [true].
2020-04-22 10:23:00.039  INFO 15124 --- [main] o.a.catalina.core.AprLifecycleListener   : APR/OpenSSL configuration: useAprConnector [false], useOpenSSL [true]
2020-04-22 10:23:01.126  INFO 15124 --- [main] o.a.catalina.core.AprLifecycleListener   : OpenSSL successfully initialized [OpenSSL 1.0.2o  27 Mar 2018]
2020-04-22 10:23:01.386  INFO 15124 --- [main] o.a.c.c.C.[Tomcat].[localhost].[/]       : Initializing Spring embedded WebApplicationContext
2020-04-22 10:23:01.387  INFO 15124 --- [main] o.s.web.context.ContextLoader            : Root WebApplicationContext: initialization completed in 4634 ms
2020-04-22 10:23:01.863  INFO 15124 --- [main] com.zaxxer.hikari.HikariDataSource       : HikariPool-1 - Starting...
2020-04-22 10:23:02.212  INFO 15124 --- [main] com.zaxxer.hikari.HikariDataSource       : HikariPool-1 - Start completed.
2020-04-22 10:23:03.441  INFO 15124 --- [main] o.s.s.concurrent.ThreadPoolTaskExecutor  : Initializing ExecutorService 'applicationTaskExecutor'
2020-04-22 10:23:03.924  INFO 15124 --- [main] o.s.b.w.embedded.tomcat.TomcatWebServer  : Tomcat started on port(s): 8080 (http) with context path ''
2020-04-22 10:23:03.934  INFO 15124 --- [main] cn.healthy.manage.ManageApplication      : Started ManageApplication in 8.021 seconds (JVM running for 10.265)
2020-04-22 10:27:58.867  INFO 16328 --- [main] cn.healthy.manage.ManageApplication      : Starting ManageApplication on Xym with PID 16328 (started by XyM in E:\graduation project\manage)
2020-04-22 10:27:58.871  INFO 16328 --- [main] cn.healthy.manage.ManageApplication      : No active profile set, falling back to default profiles: default
2020-04-22 10:27:59.789  WARN 16328 --- [main] o.m.s.mapper.ClassPathMapperScanner      : Skipping MapperFactoryBean with name 'exerciseMapper' and 'cn.healthy.manage.mapper.ExerciseMapper' mapperInterface. Bean already defined with the same name!
2020-04-22 10:27:59.790  WARN 16328 --- [main] o.m.s.mapper.ClassPathMapperScanner      : Skipping MapperFactoryBean with name 'foodMapper' and 'cn.healthy.manage.mapper.FoodMapper' mapperInterface. Bean already defined with the same name!
2020-04-22 10:27:59.790  WARN 16328 --- [main] o.m.s.mapper.ClassPathMapperScanner      : Skipping MapperFactoryBean with name 'ordersMapper' and 'cn.healthy.manage.mapper.OrdersMapper' mapperInterface. Bean already defined with the same name!
2020-04-22 10:27:59.790  WARN 16328 --- [main] o.m.s.mapper.ClassPathMapperScanner      : Skipping MapperFactoryBean with name 'proClassMapper' and 'cn.healthy.manage.mapper.ProClassMapper' mapperInterface. Bean already defined with the same name!
2020-04-22 10:27:59.790  WARN 16328 --- [main] o.m.s.mapper.ClassPathMapperScanner      : Skipping MapperFactoryBean with name 'productMapper' and 'cn.healthy.manage.mapper.ProductMapper' mapperInterface. Bean already defined with the same name!
2020-04-22 10:27:59.790  WARN 16328 --- [main] o.m.s.mapper.ClassPathMapperScanner      : Skipping MapperFactoryBean with name 'shoppingCarMapper' and 'cn.healthy.manage.mapper.ShoppingCarMapper' mapperInterface. Bean already defined with the same name!
2020-04-22 10:27:59.791  WARN 16328 --- [main] o.m.s.mapper.ClassPathMapperScanner      : Skipping MapperFactoryBean with name 'userMapper' and 'cn.healthy.manage.mapper.UserMapper' mapperInterface. Bean already defined with the same name!
2020-04-22 10:27:59.791  WARN 16328 --- [main] o.m.s.mapper.ClassPathMapperScanner      : No MyBatis mapper was found in '[cn.healthy.manage.**.mapper]' package. Please check your configuration.
2020-04-22 10:28:00.179  INFO 16328 --- [main] o.s.b.w.embedded.tomcat.TomcatWebServer  : Tomcat initialized with port(s): 8080 (http)
2020-04-22 10:28:00.187  INFO 16328 --- [main] o.apache.catalina.core.StandardService   : Starting service [Tomcat]
2020-04-22 10:28:00.187  INFO 16328 --- [main] org.apache.catalina.core.StandardEngine  : Starting Servlet engine: [Apache Tomcat/9.0.30]
2020-04-22 10:28:00.190  INFO 16328 --- [main] o.a.catalina.core.AprLifecycleListener   : An older version [1.2.17] of the APR based Apache Tomcat Native library is installed, while Tomcat recommends a minimum version of [1.2.23]
2020-04-22 10:28:00.190  INFO 16328 --- [main] o.a.catalina.core.AprLifecycleListener   : Loaded APR based Apache Tomcat Native library [1.2.17] using APR version [1.6.3].
2020-04-22 10:28:00.190  INFO 16328 --- [main] o.a.catalina.core.AprLifecycleListener   : APR capabilities: IPv6 [true], sendfile [true], accept filters [false], random [true].
2020-04-22 10:28:00.191  INFO 16328 --- [main] o.a.catalina.core.AprLifecycleListener   : APR/OpenSSL configuration: useAprConnector [false], useOpenSSL [true]
2020-04-22 10:28:01.278  INFO 16328 --- [main] o.a.catalina.core.AprLifecycleListener   : OpenSSL successfully initialized [OpenSSL 1.0.2o  27 Mar 2018]
2020-04-22 10:28:01.457  INFO 16328 --- [main] o.a.c.c.C.[Tomcat].[localhost].[/]       : Initializing Spring embedded WebApplicationContext
2020-04-22 10:28:01.457  INFO 16328 --- [main] o.s.web.context.ContextLoader            : Root WebApplicationContext: initialization completed in 2527 ms
2020-04-22 10:28:01.630  INFO 16328 --- [main] com.zaxxer.hikari.HikariDataSource       : HikariPool-1 - Starting...
2020-04-22 10:28:01.746  INFO 16328 --- [main] com.zaxxer.hikari.HikariDataSource       : HikariPool-1 - Start completed.
2020-04-22 10:28:02.435  INFO 16328 --- [main] o.s.s.concurrent.ThreadPoolTaskExecutor  : Initializing ExecutorService 'applicationTaskExecutor'
2020-04-22 10:28:02.681  INFO 16328 --- [main] o.s.b.w.embedded.tomcat.TomcatWebServer  : Tomcat started on port(s): 8080 (http) with context path ''
2020-04-22 10:28:02.684  INFO 16328 --- [main] cn.healthy.manage.ManageApplication      : Started ManageApplication in 4.41 seconds (JVM running for 6.085)
2020-04-22 10:29:01.169  INFO 16328 --- [http-nio-8080-exec-10] o.a.c.c.C.[Tomcat].[localhost].[/]       : Initializing Spring DispatcherServlet 'dispatcherServlet'
2020-04-22 10:29:01.170  INFO 16328 --- [http-nio-8080-exec-10] o.s.web.servlet.DispatcherServlet        : Initializing Servlet 'dispatcherServlet'
2020-04-22 10:29:01.187  INFO 16328 --- [http-nio-8080-exec-10] o.s.web.servlet.DispatcherServlet        : Completed initialization in 17 ms
2020-04-22 10:29:01.399 DEBUG 16328 --- [http-nio-8080-exec-10] c.h.manage.mapper.FoodMapper.selectFood  : ==>  Preparing: select * from food where name like CONCAT("%",?,"%") 
2020-04-22 10:29:01.429 DEBUG 16328 --- [http-nio-8080-exec-10] c.h.manage.mapper.FoodMapper.selectFood  : ==> Parameters: 菜(String)
2020-04-22 10:29:01.463 DEBUG 16328 --- [http-nio-8080-exec-10] c.h.manage.mapper.FoodMapper.selectFood  : <==      Total: 9
2020-04-22 10:29:11.612 DEBUG 16328 --- [http-nio-8080-exec-3] c.h.manage.mapper.FoodMapper.selectFood  : ==>  Preparing: select * from food where name like CONCAT("%",?,"%") 
2020-04-22 10:29:11.613 DEBUG 16328 --- [http-nio-8080-exec-3] c.h.manage.mapper.FoodMapper.selectFood  : ==> Parameters: null
2020-04-22 10:29:11.615 DEBUG 16328 --- [http-nio-8080-exec-3] c.h.manage.mapper.FoodMapper.selectFood  : <==      Total: 0
2020-04-22 10:29:18.912 DEBUG 16328 --- [http-nio-8080-exec-4] c.h.manage.mapper.FoodMapper.selectFood  : ==>  Preparing: select * from food where name like CONCAT("%",?,"%") 
2020-04-22 10:29:18.913 DEBUG 16328 --- [http-nio-8080-exec-4] c.h.manage.mapper.FoodMapper.selectFood  : ==> Parameters: (String)
2020-04-22 10:29:18.927 DEBUG 16328 --- [http-nio-8080-exec-4] c.h.manage.mapper.FoodMapper.selectFood  : <==      Total: 69
2020-04-22 10:34:08.054  INFO 4816 --- [main] cn.healthy.manage.ManageApplication      : Starting ManageApplication on Xym with PID 4816 (started by XyM in E:\graduation project\manage)
2020-04-22 10:34:08.058  INFO 4816 --- [main] cn.healthy.manage.ManageApplication      : No active profile set, falling back to default profiles: default
2020-04-22 10:34:09.052  WARN 4816 --- [main] o.m.s.mapper.ClassPathMapperScanner      : Skipping MapperFactoryBean with name 'exerciseMapper' and 'cn.healthy.manage.mapper.ExerciseMapper' mapperInterface. Bean already defined with the same name!
2020-04-22 10:34:09.053  WARN 4816 --- [main] o.m.s.mapper.ClassPathMapperScanner      : Skipping MapperFactoryBean with name 'foodMapper' and 'cn.healthy.manage.mapper.FoodMapper' mapperInterface. Bean already defined with the same name!
2020-04-22 10:34:09.053  WARN 4816 --- [main] o.m.s.mapper.ClassPathMapperScanner      : Skipping MapperFactoryBean with name 'ordersMapper' and 'cn.healthy.manage.mapper.OrdersMapper' mapperInterface. Bean already defined with the same name!
2020-04-22 10:34:09.053  WARN 4816 --- [main] o.m.s.mapper.ClassPathMapperScanner      : Skipping MapperFactoryBean with name 'proClassMapper' and 'cn.healthy.manage.mapper.ProClassMapper' mapperInterface. Bean already defined with the same name!
2020-04-22 10:34:09.054  WARN 4816 --- [main] o.m.s.mapper.ClassPathMapperScanner      : Skipping MapperFactoryBean with name 'productMapper' and 'cn.healthy.manage.mapper.ProductMapper' mapperInterface. Bean already defined with the same name!
2020-04-22 10:34:09.054  WARN 4816 --- [main] o.m.s.mapper.ClassPathMapperScanner      : Skipping MapperFactoryBean with name 'shoppingCarMapper' and 'cn.healthy.manage.mapper.ShoppingCarMapper' mapperInterface. Bean already defined with the same name!
2020-04-22 10:34:09.054  WARN 4816 --- [main] o.m.s.mapper.ClassPathMapperScanner      : Skipping MapperFactoryBean with name 'userMapper' and 'cn.healthy.manage.mapper.UserMapper' mapperInterface. Bean already defined with the same name!
2020-04-22 10:34:09.054  WARN 4816 --- [main] o.m.s.mapper.ClassPathMapperScanner      : No MyBatis mapper was found in '[cn.healthy.manage.**.mapper]' package. Please check your configuration.
2020-04-22 10:34:09.473  INFO 4816 --- [main] o.s.b.w.embedded.tomcat.TomcatWebServer  : Tomcat initialized with port(s): 8080 (http)
2020-04-22 10:34:09.483  INFO 4816 --- [main] o.apache.catalina.core.StandardService   : Starting service [Tomcat]
2020-04-22 10:34:09.484  INFO 4816 --- [main] org.apache.catalina.core.StandardEngine  : Starting Servlet engine: [Apache Tomcat/9.0.30]
2020-04-22 10:34:09.486  INFO 4816 --- [main] o.a.catalina.core.AprLifecycleListener   : An older version [1.2.17] of the APR based Apache Tomcat Native library is installed, while Tomcat recommends a minimum version of [1.2.23]
2020-04-22 10:34:09.486  INFO 4816 --- [main] o.a.catalina.core.AprLifecycleListener   : Loaded APR based Apache Tomcat Native library [1.2.17] using APR version [1.6.3].
2020-04-22 10:34:09.486  INFO 4816 --- [main] o.a.catalina.core.AprLifecycleListener   : APR capabilities: IPv6 [true], sendfile [true], accept filters [false], random [true].
2020-04-22 10:34:09.487  INFO 4816 --- [main] o.a.catalina.core.AprLifecycleListener   : APR/OpenSSL configuration: useAprConnector [false], useOpenSSL [true]
2020-04-22 10:34:10.567  INFO 4816 --- [main] o.a.catalina.core.AprLifecycleListener   : OpenSSL successfully initialized [OpenSSL 1.0.2o  27 Mar 2018]
2020-04-22 10:34:10.732  INFO 4816 --- [main] o.a.c.c.C.[Tomcat].[localhost].[/]       : Initializing Spring embedded WebApplicationContext
2020-04-22 10:34:10.732  INFO 4816 --- [main] o.s.web.context.ContextLoader            : Root WebApplicationContext: initialization completed in 2600 ms
2020-04-22 10:34:10.904  INFO 4816 --- [main] com.zaxxer.hikari.HikariDataSource       : HikariPool-1 - Starting...
2020-04-22 10:34:11.016  INFO 4816 --- [main] com.zaxxer.hikari.HikariDataSource       : HikariPool-1 - Start completed.
2020-04-22 10:34:11.626  INFO 4816 --- [main] o.s.s.concurrent.ThreadPoolTaskExecutor  : Initializing ExecutorService 'applicationTaskExecutor'
2020-04-22 10:34:11.843  INFO 4816 --- [main] o.s.b.w.embedded.tomcat.TomcatWebServer  : Tomcat started on port(s): 8080 (http) with context path ''
2020-04-22 10:34:11.887  INFO 4816 --- [main] cn.healthy.manage.ManageApplication      : Started ManageApplication in 4.591 seconds (JVM running for 6.363)
2020-04-22 10:34:53.357  INFO 4816 --- [http-nio-8080-exec-2] o.a.c.c.C.[Tomcat].[localhost].[/]       : Initializing Spring DispatcherServlet 'dispatcherServlet'
2020-04-22 10:34:53.359  INFO 4816 --- [http-nio-8080-exec-2] o.s.web.servlet.DispatcherServlet        : Initializing Servlet 'dispatcherServlet'
2020-04-22 10:34:53.365  INFO 4816 --- [http-nio-8080-exec-2] o.s.web.servlet.DispatcherServlet        : Completed initialization in 6 ms
2020-04-22 10:34:53.438 DEBUG 4816 --- [http-nio-8080-exec-2] c.h.m.m.ExerciseMapper.selectExercise    : ==>  Preparing: select * from exercise where name like CONCAT("%",?,"%") 
2020-04-22 10:34:53.468 DEBUG 4816 --- [http-nio-8080-exec-2] c.h.m.m.ExerciseMapper.selectExercise    : ==> Parameters: null
2020-04-22 10:34:53.547 DEBUG 4816 --- [http-nio-8080-exec-2] c.h.m.m.ExerciseMapper.selectExercise    : <==      Total: 0
2020-04-22 10:35:47.265 DEBUG 4816 --- [http-nio-8080-exec-3] c.h.m.m.ExerciseMapper.selectExercise    : ==>  Preparing: select * from exercise where name like CONCAT("%",?,"%") 
2020-04-22 10:35:47.267 DEBUG 4816 --- [http-nio-8080-exec-3] c.h.m.m.ExerciseMapper.selectExercise    : ==> Parameters: null
2020-04-22 10:35:47.268 DEBUG 4816 --- [http-nio-8080-exec-3] c.h.m.m.ExerciseMapper.selectExercise    : <==      Total: 0
2020-04-22 10:36:00.942 DEBUG 4816 --- [http-nio-8080-exec-4] c.h.m.m.ExerciseMapper.selectExercise    : ==>  Preparing: select * from exercise where name like CONCAT("%",?,"%") 
2020-04-22 10:36:00.943 DEBUG 4816 --- [http-nio-8080-exec-4] c.h.m.m.ExerciseMapper.selectExercise    : ==> Parameters: null
2020-04-22 10:36:00.945 DEBUG 4816 --- [http-nio-8080-exec-4] c.h.m.m.ExerciseMapper.selectExercise    : <==      Total: 0
2020-04-22 10:36:15.747  INFO 9312 --- [main] cn.healthy.manage.ManageApplication      : Starting ManageApplication on Xym with PID 9312 (started by XyM in E:\graduation project\manage)
2020-04-22 10:36:15.751  INFO 9312 --- [main] cn.healthy.manage.ManageApplication      : No active profile set, falling back to default profiles: default
2020-04-22 10:36:16.749  WARN 9312 --- [main] o.m.s.mapper.ClassPathMapperScanner      : Skipping MapperFactoryBean with name 'exerciseMapper' and 'cn.healthy.manage.mapper.ExerciseMapper' mapperInterface. Bean already defined with the same name!
2020-04-22 10:36:16.750  WARN 9312 --- [main] o.m.s.mapper.ClassPathMapperScanner      : Skipping MapperFactoryBean with name 'foodMapper' and 'cn.healthy.manage.mapper.FoodMapper' mapperInterface. Bean already defined with the same name!
2020-04-22 10:36:16.750  WARN 9312 --- [main] o.m.s.mapper.ClassPathMapperScanner      : Skipping MapperFactoryBean with name 'ordersMapper' and 'cn.healthy.manage.mapper.OrdersMapper' mapperInterface. Bean already defined with the same name!
2020-04-22 10:36:16.750  WARN 9312 --- [main] o.m.s.mapper.ClassPathMapperScanner      : Skipping MapperFactoryBean with name 'proClassMapper' and 'cn.healthy.manage.mapper.ProClassMapper' mapperInterface. Bean already defined with the same name!
2020-04-22 10:36:16.750  WARN 9312 --- [main] o.m.s.mapper.ClassPathMapperScanner      : Skipping MapperFactoryBean with name 'productMapper' and 'cn.healthy.manage.mapper.ProductMapper' mapperInterface. Bean already defined with the same name!
2020-04-22 10:36:16.751  WARN 9312 --- [main] o.m.s.mapper.ClassPathMapperScanner      : Skipping MapperFactoryBean with name 'shoppingCarMapper' and 'cn.healthy.manage.mapper.ShoppingCarMapper' mapperInterface. Bean already defined with the same name!
2020-04-22 10:36:16.751  WARN 9312 --- [main] o.m.s.mapper.ClassPathMapperScanner      : Skipping MapperFactoryBean with name 'userMapper' and 'cn.healthy.manage.mapper.UserMapper' mapperInterface. Bean already defined with the same name!
2020-04-22 10:36:16.751  WARN 9312 --- [main] o.m.s.mapper.ClassPathMapperScanner      : No MyBatis mapper was found in '[cn.healthy.manage.**.mapper]' package. Please check your configuration.
2020-04-22 10:36:17.295  INFO 9312 --- [main] o.s.b.w.embedded.tomcat.TomcatWebServer  : Tomcat initialized with port(s): 8080 (http)
2020-04-22 10:36:17.317  INFO 9312 --- [main] o.apache.catalina.core.StandardService   : Starting service [Tomcat]
2020-04-22 10:36:17.318  INFO 9312 --- [main] org.apache.catalina.core.StandardEngine  : Starting Servlet engine: [Apache Tomcat/9.0.30]
2020-04-22 10:36:17.320  INFO 9312 --- [main] o.a.catalina.core.AprLifecycleListener   : An older version [1.2.17] of the APR based Apache Tomcat Native library is installed, while Tomcat recommends a minimum version of [1.2.23]
2020-04-22 10:36:17.321  INFO 9312 --- [main] o.a.catalina.core.AprLifecycleListener   : Loaded APR based Apache Tomcat Native library [1.2.17] using APR version [1.6.3].
2020-04-22 10:36:17.321  INFO 9312 --- [main] o.a.catalina.core.AprLifecycleListener   : APR capabilities: IPv6 [true], sendfile [true], accept filters [false], random [true].
2020-04-22 10:36:17.322  INFO 9312 --- [main] o.a.catalina.core.AprLifecycleListener   : APR/OpenSSL configuration: useAprConnector [false], useOpenSSL [true]
2020-04-22 10:36:18.393  INFO 9312 --- [main] o.a.catalina.core.AprLifecycleListener   : OpenSSL successfully initialized [OpenSSL 1.0.2o  27 Mar 2018]
2020-04-22 10:36:18.574  INFO 9312 --- [main] o.a.c.c.C.[Tomcat].[localhost].[/]       : Initializing Spring embedded WebApplicationContext
2020-04-22 10:36:18.575  INFO 9312 --- [main] o.s.web.context.ContextLoader            : Root WebApplicationContext: initialization completed in 2750 ms
2020-04-22 10:36:18.795  INFO 9312 --- [main] com.zaxxer.hikari.HikariDataSource       : HikariPool-1 - Starting...
2020-04-22 10:36:18.939  INFO 9312 --- [main] com.zaxxer.hikari.HikariDataSource       : HikariPool-1 - Start completed.
2020-04-22 10:36:19.635  INFO 9312 --- [main] o.s.s.concurrent.ThreadPoolTaskExecutor  : Initializing ExecutorService 'applicationTaskExecutor'
2020-04-22 10:36:19.896  INFO 9312 --- [main] o.s.b.w.embedded.tomcat.TomcatWebServer  : Tomcat started on port(s): 8080 (http) with context path ''
2020-04-22 10:36:19.900  INFO 9312 --- [main] cn.healthy.manage.ManageApplication      : Started ManageApplication in 4.896 seconds (JVM running for 6.968)
2020-04-22 10:36:26.750  INFO 9312 --- [http-nio-8080-exec-2] o.a.c.c.C.[Tomcat].[localhost].[/]       : Initializing Spring DispatcherServlet 'dispatcherServlet'
2020-04-22 10:36:26.751  INFO 9312 --- [http-nio-8080-exec-2] o.s.web.servlet.DispatcherServlet        : Initializing Servlet 'dispatcherServlet'
2020-04-22 10:36:26.764  INFO 9312 --- [http-nio-8080-exec-2] o.s.web.servlet.DispatcherServlet        : Completed initialization in 13 ms
2020-04-22 10:37:35.079  WARN 9312 --- [HikariPool-1 housekeeper] com.zaxxer.hikari.pool.HikariPool        : HikariPool-1 - Thread starvation or clock leap detected (housekeeper delta=1m15s996ms559µs808ns).
2020-04-22 10:37:35.125 DEBUG 9312 --- [http-nio-8080-exec-2] c.h.m.m.ExerciseMapper.selectExercise    : ==>  Preparing: select * from exercise where name like CONCAT("%",?,"%") 
2020-04-22 10:37:35.156 DEBUG 9312 --- [http-nio-8080-exec-2] c.h.m.m.ExerciseMapper.selectExercise    : ==> Parameters: null
2020-04-22 10:37:35.181 DEBUG 9312 --- [http-nio-8080-exec-2] c.h.m.m.ExerciseMapper.selectExercise    : <==      Total: 0
2020-04-22 10:38:51.711  WARN 9312 --- [HikariPool-1 housekeeper] com.zaxxer.hikari.pool.HikariPool        : HikariPool-1 - Thread starvation or clock leap detected (housekeeper delta=1m16s633ms9µs567ns).
2020-04-22 10:38:51.714 DEBUG 9312 --- [http-nio-8080-exec-3] c.h.manage.mapper.FoodMapper.selectFood  : ==>  Preparing: select * from food where name like CONCAT("%",?,"%") 
2020-04-22 10:38:51.715 DEBUG 9312 --- [http-nio-8080-exec-3] c.h.manage.mapper.FoodMapper.selectFood  : ==> Parameters: (String)
2020-04-22 10:38:51.725 DEBUG 9312 --- [http-nio-8080-exec-3] c.h.manage.mapper.FoodMapper.selectFood  : <==      Total: 69
2020-04-22 10:41:49.506  WARN 9312 --- [HikariPool-1 housekeeper] com.zaxxer.hikari.pool.HikariPool        : HikariPool-1 - Thread starvation or clock leap detected (housekeeper delta=2m57s794ms554µs4ns).
2020-04-22 10:41:49.513 DEBUG 9312 --- [http-nio-8080-exec-4] c.h.m.m.ExerciseMapper.selectExercise    : ==>  Preparing: select * from exercise where name like CONCAT("%",?,"%") 
2020-04-22 10:41:49.514 DEBUG 9312 --- [http-nio-8080-exec-4] c.h.m.m.ExerciseMapper.selectExercise    : ==> Parameters: null
2020-04-22 10:41:49.515 DEBUG 9312 --- [http-nio-8080-exec-4] c.h.m.m.ExerciseMapper.selectExercise    : <==      Total: 0
2020-04-22 10:41:56.818  INFO 4636 --- [main] cn.healthy.manage.ManageApplication      : Starting ManageApplication on Xym with PID 4636 (started by XyM in E:\graduation project\manage)
2020-04-22 10:41:56.824  INFO 4636 --- [main] cn.healthy.manage.ManageApplication      : No active profile set, falling back to default profiles: default
2020-04-22 10:41:57.786  WARN 4636 --- [main] o.m.s.mapper.ClassPathMapperScanner      : Skipping MapperFactoryBean with name 'exerciseMapper' and 'cn.healthy.manage.mapper.ExerciseMapper' mapperInterface. Bean already defined with the same name!
2020-04-22 10:41:57.786  WARN 4636 --- [main] o.m.s.mapper.ClassPathMapperScanner      : Skipping MapperFactoryBean with name 'foodMapper' and 'cn.healthy.manage.mapper.FoodMapper' mapperInterface. Bean already defined with the same name!
2020-04-22 10:41:57.787  WARN 4636 --- [main] o.m.s.mapper.ClassPathMapperScanner      : Skipping MapperFactoryBean with name 'ordersMapper' and 'cn.healthy.manage.mapper.OrdersMapper' mapperInterface. Bean already defined with the same name!
2020-04-22 10:41:57.787  WARN 4636 --- [main] o.m.s.mapper.ClassPathMapperScanner      : Skipping MapperFactoryBean with name 'proClassMapper' and 'cn.healthy.manage.mapper.ProClassMapper' mapperInterface. Bean already defined with the same name!
2020-04-22 10:41:57.787  WARN 4636 --- [main] o.m.s.mapper.ClassPathMapperScanner      : Skipping MapperFactoryBean with name 'productMapper' and 'cn.healthy.manage.mapper.ProductMapper' mapperInterface. Bean already defined with the same name!
2020-04-22 10:41:57.787  WARN 4636 --- [main] o.m.s.mapper.ClassPathMapperScanner      : Skipping MapperFactoryBean with name 'shoppingCarMapper' and 'cn.healthy.manage.mapper.ShoppingCarMapper' mapperInterface. Bean already defined with the same name!
2020-04-22 10:41:57.787  WARN 4636 --- [main] o.m.s.mapper.ClassPathMapperScanner      : Skipping MapperFactoryBean with name 'userMapper' and 'cn.healthy.manage.mapper.UserMapper' mapperInterface. Bean already defined with the same name!
2020-04-22 10:41:57.788  WARN 4636 --- [main] o.m.s.mapper.ClassPathMapperScanner      : No MyBatis mapper was found in '[cn.healthy.manage.**.mapper]' package. Please check your configuration.
2020-04-22 10:41:58.272  INFO 4636 --- [main] o.s.b.w.embedded.tomcat.TomcatWebServer  : Tomcat initialized with port(s): 8080 (http)
2020-04-22 10:41:58.281  INFO 4636 --- [main] o.apache.catalina.core.StandardService   : Starting service [Tomcat]
2020-04-22 10:41:58.281  INFO 4636 --- [main] org.apache.catalina.core.StandardEngine  : Starting Servlet engine: [Apache Tomcat/9.0.30]
2020-04-22 10:41:58.283  INFO 4636 --- [main] o.a.catalina.core.AprLifecycleListener   : An older version [1.2.17] of the APR based Apache Tomcat Native library is installed, while Tomcat recommends a minimum version of [1.2.23]
2020-04-22 10:41:58.283  INFO 4636 --- [main] o.a.catalina.core.AprLifecycleListener   : Loaded APR based Apache Tomcat Native library [1.2.17] using APR version [1.6.3].
2020-04-22 10:41:58.283  INFO 4636 --- [main] o.a.catalina.core.AprLifecycleListener   : APR capabilities: IPv6 [true], sendfile [true], accept filters [false], random [true].
2020-04-22 10:41:58.283  INFO 4636 --- [main] o.a.catalina.core.AprLifecycleListener   : APR/OpenSSL configuration: useAprConnector [false], useOpenSSL [true]
2020-04-22 10:41:59.364  INFO 4636 --- [main] o.a.catalina.core.AprLifecycleListener   : OpenSSL successfully initialized [OpenSSL 1.0.2o  27 Mar 2018]
2020-04-22 10:41:59.538  INFO 4636 --- [main] o.a.c.c.C.[Tomcat].[localhost].[/]       : Initializing Spring embedded WebApplicationContext
2020-04-22 10:41:59.539  INFO 4636 --- [main] o.s.web.context.ContextLoader            : Root WebApplicationContext: initialization completed in 2650 ms
2020-04-22 10:41:59.703  INFO 4636 --- [main] com.zaxxer.hikari.HikariDataSource       : HikariPool-1 - Starting...
2020-04-22 10:41:59.824  INFO 4636 --- [main] com.zaxxer.hikari.HikariDataSource       : HikariPool-1 - Start completed.
2020-04-22 10:42:00.433  INFO 4636 --- [main] o.s.s.concurrent.ThreadPoolTaskExecutor  : Initializing ExecutorService 'applicationTaskExecutor'
2020-04-22 10:42:00.645  INFO 4636 --- [main] o.s.b.w.embedded.tomcat.TomcatWebServer  : Tomcat started on port(s): 8080 (http) with context path ''
2020-04-22 10:42:00.648  INFO 4636 --- [main] cn.healthy.manage.ManageApplication      : Started ManageApplication in 4.606 seconds (JVM running for 6.244)
2020-04-22 10:42:05.957  INFO 4636 --- [http-nio-8080-exec-2] o.a.c.c.C.[Tomcat].[localhost].[/]       : Initializing Spring DispatcherServlet 'dispatcherServlet'
2020-04-22 10:42:05.957  INFO 4636 --- [http-nio-8080-exec-2] o.s.web.servlet.DispatcherServlet        : Initializing Servlet 'dispatcherServlet'
2020-04-22 10:42:05.969  INFO 4636 --- [http-nio-8080-exec-2] o.s.web.servlet.DispatcherServlet        : Completed initialization in 12 ms
2020-04-22 10:42:06.125 DEBUG 4636 --- [http-nio-8080-exec-2] c.h.m.m.ExerciseMapper.selectExercise    : ==>  Preparing: select * from exercise where name like CONCAT("%",?,"%") 
2020-04-22 10:42:06.154 DEBUG 4636 --- [http-nio-8080-exec-2] c.h.m.m.ExerciseMapper.selectExercise    : ==> Parameters: (String)
2020-04-22 10:42:06.187 DEBUG 4636 --- [http-nio-8080-exec-2] c.h.m.m.ExerciseMapper.selectExercise    : <==      Total: 30
2020-04-22 11:44:36.869  INFO 18084 --- [main] cn.healthy.manage.ManageApplication      : Starting ManageApplication on Xym with PID 18084 (started by XyM in E:\graduation project\manage)
2020-04-22 11:44:36.883  INFO 18084 --- [main] cn.healthy.manage.ManageApplication      : No active profile set, falling back to default profiles: default
2020-04-22 11:44:38.803  WARN 18084 --- [main] o.m.s.mapper.ClassPathMapperScanner      : Skipping MapperFactoryBean with name 'exerciseMapper' and 'cn.healthy.manage.mapper.ExerciseMapper' mapperInterface. Bean already defined with the same name!
2020-04-22 11:44:38.804  WARN 18084 --- [main] o.m.s.mapper.ClassPathMapperScanner      : Skipping MapperFactoryBean with name 'foodMapper' and 'cn.healthy.manage.mapper.FoodMapper' mapperInterface. Bean already defined with the same name!
2020-04-22 11:44:38.804  WARN 18084 --- [main] o.m.s.mapper.ClassPathMapperScanner      : Skipping MapperFactoryBean with name 'ordersMapper' and 'cn.healthy.manage.mapper.OrdersMapper' mapperInterface. Bean already defined with the same name!
2020-04-22 11:44:38.804  WARN 18084 --- [main] o.m.s.mapper.ClassPathMapperScanner      : Skipping MapperFactoryBean with name 'proClassMapper' and 'cn.healthy.manage.mapper.ProClassMapper' mapperInterface. Bean already defined with the same name!
2020-04-22 11:44:38.804  WARN 18084 --- [main] o.m.s.mapper.ClassPathMapperScanner      : Skipping MapperFactoryBean with name 'productMapper' and 'cn.healthy.manage.mapper.ProductMapper' mapperInterface. Bean already defined with the same name!
2020-04-22 11:44:38.804  WARN 18084 --- [main] o.m.s.mapper.ClassPathMapperScanner      : Skipping MapperFactoryBean with name 'shoppingCarMapper' and 'cn.healthy.manage.mapper.ShoppingCarMapper' mapperInterface. Bean already defined with the same name!
2020-04-22 11:44:38.805  WARN 18084 --- [main] o.m.s.mapper.ClassPathMapperScanner      : Skipping MapperFactoryBean with name 'userMapper' and 'cn.healthy.manage.mapper.UserMapper' mapperInterface. Bean already defined with the same name!
2020-04-22 11:44:38.805  WARN 18084 --- [main] o.m.s.mapper.ClassPathMapperScanner      : No MyBatis mapper was found in '[cn.healthy.manage.**.mapper]' package. Please check your configuration.
2020-04-22 11:44:39.295  INFO 18084 --- [main] o.s.b.w.embedded.tomcat.TomcatWebServer  : Tomcat initialized with port(s): 8080 (http)
2020-04-22 11:44:39.305  INFO 18084 --- [main] o.apache.catalina.core.StandardService   : Starting service [Tomcat]
2020-04-22 11:44:39.306  INFO 18084 --- [main] org.apache.catalina.core.StandardEngine  : Starting Servlet engine: [Apache Tomcat/9.0.30]
2020-04-22 11:44:39.307  INFO 18084 --- [main] o.a.catalina.core.AprLifecycleListener   : An older version [1.2.17] of the APR based Apache Tomcat Native library is installed, while Tomcat recommends a minimum version of [1.2.23]
2020-04-22 11:44:39.308  INFO 18084 --- [main] o.a.catalina.core.AprLifecycleListener   : Loaded APR based Apache Tomcat Native library [1.2.17] using APR version [1.6.3].
2020-04-22 11:44:39.308  INFO 18084 --- [main] o.a.catalina.core.AprLifecycleListener   : APR capabilities: IPv6 [true], sendfile [true], accept filters [false], random [true].
2020-04-22 11:44:39.308  INFO 18084 --- [main] o.a.catalina.core.AprLifecycleListener   : APR/OpenSSL configuration: useAprConnector [false], useOpenSSL [true]
2020-04-22 11:44:40.463  INFO 18084 --- [main] o.a.catalina.core.AprLifecycleListener   : OpenSSL successfully initialized [OpenSSL 1.0.2o  27 Mar 2018]
2020-04-22 11:44:40.679  INFO 18084 --- [main] o.a.c.c.C.[Tomcat].[localhost].[/]       : Initializing Spring embedded WebApplicationContext
2020-04-22 11:44:40.679  INFO 18084 --- [main] o.s.web.context.ContextLoader            : Root WebApplicationContext: initialization completed in 3732 ms
2020-04-22 11:44:40.952  INFO 18084 --- [main] com.zaxxer.hikari.HikariDataSource       : HikariPool-1 - Starting...
2020-04-22 11:44:41.168  INFO 18084 --- [main] com.zaxxer.hikari.HikariDataSource       : HikariPool-1 - Start completed.
2020-04-22 11:44:41.921  INFO 18084 --- [main] o.s.s.concurrent.ThreadPoolTaskExecutor  : Initializing ExecutorService 'applicationTaskExecutor'
2020-04-22 11:44:42.130  INFO 18084 --- [main] o.apache.catalina.core.StandardService   : Stopping service [Tomcat]
2020-04-22 11:44:42.138  INFO 18084 --- [main] ConditionEvaluationReportLoggingListener : 

Error starting ApplicationContext. To display the conditions report re-run your application with 'debug' enabled.
2020-04-22 11:44:42.143 ERROR 18084 --- [main] o.s.b.d.LoggingFailureAnalysisReporter   : 

***************************
APPLICATION FAILED TO START
***************************

Description:

Web server failed to start. Port 8080 was already in use.

Action:

Identify and stop the process that's listening on port 8080 or configure this application to listen on another port.

2020-04-22 11:44:42.145  INFO 18084 --- [main] o.s.s.concurrent.ThreadPoolTaskExecutor  : Shutting down ExecutorService 'applicationTaskExecutor'
2020-04-22 11:44:42.146  INFO 18084 --- [main] com.zaxxer.hikari.HikariDataSource       : HikariPool-1 - Shutdown initiated...
2020-04-22 11:44:42.159  INFO 18084 --- [main] com.zaxxer.hikari.HikariDataSource       : HikariPool-1 - Shutdown completed.
2020-04-22 13:20:17.402  INFO 1376 --- [main] cn.healthy.manage.ManageApplication      : Starting ManageApplication on Xym with PID 1376 (started by XyM in E:\graduation project\manage)
2020-04-22 13:20:17.459  INFO 1376 --- [main] cn.healthy.manage.ManageApplication      : No active profile set, falling back to default profiles: default
2020-04-22 13:20:18.708  WARN 1376 --- [main] o.m.s.mapper.ClassPathMapperScanner      : Skipping MapperFactoryBean with name 'exerciseMapper' and 'cn.healthy.manage.mapper.ExerciseMapper' mapperInterface. Bean already defined with the same name!
2020-04-22 13:20:18.708  WARN 1376 --- [main] o.m.s.mapper.ClassPathMapperScanner      : Skipping MapperFactoryBean with name 'foodMapper' and 'cn.healthy.manage.mapper.FoodMapper' mapperInterface. Bean already defined with the same name!
2020-04-22 13:20:18.708  WARN 1376 --- [main] o.m.s.mapper.ClassPathMapperScanner      : Skipping MapperFactoryBean with name 'ordersMapper' and 'cn.healthy.manage.mapper.OrdersMapper' mapperInterface. Bean already defined with the same name!
2020-04-22 13:20:18.708  WARN 1376 --- [main] o.m.s.mapper.ClassPathMapperScanner      : Skipping MapperFactoryBean with name 'proClassMapper' and 'cn.healthy.manage.mapper.ProClassMapper' mapperInterface. Bean already defined with the same name!
2020-04-22 13:20:18.709  WARN 1376 --- [main] o.m.s.mapper.ClassPathMapperScanner      : Skipping MapperFactoryBean with name 'productMapper' and 'cn.healthy.manage.mapper.ProductMapper' mapperInterface. Bean already defined with the same name!
2020-04-22 13:20:18.709  WARN 1376 --- [main] o.m.s.mapper.ClassPathMapperScanner      : Skipping MapperFactoryBean with name 'shoppingCarMapper' and 'cn.healthy.manage.mapper.ShoppingCarMapper' mapperInterface. Bean already defined with the same name!
2020-04-22 13:20:18.709  WARN 1376 --- [main] o.m.s.mapper.ClassPathMapperScanner      : Skipping MapperFactoryBean with name 'userMapper' and 'cn.healthy.manage.mapper.UserMapper' mapperInterface. Bean already defined with the same name!
2020-04-22 13:20:18.709  WARN 1376 --- [main] o.m.s.mapper.ClassPathMapperScanner      : No MyBatis mapper was found in '[cn.healthy.manage.**.mapper]' package. Please check your configuration.
2020-04-22 13:20:19.298  INFO 1376 --- [main] o.s.b.w.embedded.tomcat.TomcatWebServer  : Tomcat initialized with port(s): 8080 (http)
2020-04-22 13:20:19.308  INFO 1376 --- [main] o.apache.catalina.core.StandardService   : Starting service [Tomcat]
2020-04-22 13:20:19.308  INFO 1376 --- [main] org.apache.catalina.core.StandardEngine  : Starting Servlet engine: [Apache Tomcat/9.0.30]
2020-04-22 13:20:19.310  INFO 1376 --- [main] o.a.catalina.core.AprLifecycleListener   : An older version [1.2.17] of the APR based Apache Tomcat Native library is installed, while Tomcat recommends a minimum version of [1.2.23]
2020-04-22 13:20:19.310  INFO 1376 --- [main] o.a.catalina.core.AprLifecycleListener   : Loaded APR based Apache Tomcat Native library [1.2.17] using APR version [1.6.3].
2020-04-22 13:20:19.310  INFO 1376 --- [main] o.a.catalina.core.AprLifecycleListener   : APR capabilities: IPv6 [true], sendfile [true], accept filters [false], random [true].
2020-04-22 13:20:19.311  INFO 1376 --- [main] o.a.catalina.core.AprLifecycleListener   : APR/OpenSSL configuration: useAprConnector [false], useOpenSSL [true]
2020-04-22 13:20:20.427  INFO 1376 --- [main] o.a.catalina.core.AprLifecycleListener   : OpenSSL successfully initialized [OpenSSL 1.0.2o  27 Mar 2018]
2020-04-22 13:20:20.622  INFO 1376 --- [main] o.a.c.c.C.[Tomcat].[localhost].[/]       : Initializing Spring embedded WebApplicationContext
2020-04-22 13:20:20.622  INFO 1376 --- [main] o.s.web.context.ContextLoader            : Root WebApplicationContext: initialization completed in 3103 ms
2020-04-22 13:20:20.866  INFO 1376 --- [main] com.zaxxer.hikari.HikariDataSource       : HikariPool-1 - Starting...
2020-04-22 13:20:21.019  INFO 1376 --- [main] com.zaxxer.hikari.HikariDataSource       : HikariPool-1 - Start completed.
2020-04-22 13:20:21.726  INFO 1376 --- [main] o.s.s.concurrent.ThreadPoolTaskExecutor  : Initializing ExecutorService 'applicationTaskExecutor'
2020-04-22 13:20:21.969  INFO 1376 --- [main] o.s.b.w.embedded.tomcat.TomcatWebServer  : Tomcat started on port(s): 8080 (http) with context path ''
2020-04-22 13:20:21.972  INFO 1376 --- [main] cn.healthy.manage.ManageApplication      : Started ManageApplication in 5.137 seconds (JVM running for 7.062)
2020-04-22 13:22:33.250  INFO 1376 --- [http-nio-8080-exec-1] o.a.c.c.C.[Tomcat].[localhost].[/]       : Initializing Spring DispatcherServlet 'dispatcherServlet'
2020-04-22 13:22:33.252  INFO 1376 --- [http-nio-8080-exec-1] o.s.web.servlet.DispatcherServlet        : Initializing Servlet 'dispatcherServlet'
2020-04-22 13:22:33.262  INFO 1376 --- [http-nio-8080-exec-1] o.s.web.servlet.DispatcherServlet        : Completed initialization in 10 ms
2020-04-22 13:22:33.578 DEBUG 1376 --- [http-nio-8080-exec-2] c.h.m.mapper.ProductMapper.selectPage    : ==>  Preparing: SELECT COUNT(1) FROM product 
2020-04-22 13:22:33.600 DEBUG 1376 --- [http-nio-8080-exec-2] c.h.m.mapper.ProductMapper.selectPage    : ==> Parameters: 
2020-04-22 13:22:37.146 DEBUG 1376 --- [http-nio-8080-exec-2] c.h.m.mapper.ProductMapper.selectPage    : ==>  Preparing: SELECT id,name,class_id,price,pic,storage,shelf_life,manufacturer_con,pro_number,series,provinces,factory_name,ingredients,net_content,store_method,brand,model,color,introduce FROM product LIMIT ?,? 
2020-04-22 13:22:37.147 DEBUG 1376 --- [http-nio-8080-exec-2] c.h.m.mapper.ProductMapper.selectPage    : ==> Parameters: 0(Long), 4(Long)
2020-04-22 13:22:37.237 DEBUG 1376 --- [http-nio-8080-exec-2] c.h.m.mapper.ProductMapper.selectPage    : <==      Total: 4
2020-04-22 13:22:37.309  WARN 1376 --- [http-nio-8080-exec-3] .w.s.m.s.DefaultHandlerExceptionResolver : Resolved [org.springframework.web.HttpRequestMethodNotSupportedException: Request method 'GET' not supported]
2020-04-22 13:24:26.623 DEBUG 1376 --- [http-nio-8080-exec-7] c.h.manage.mapper.UserMapper.selectOne   : ==>  Preparing: SELECT id,name,balance,phone,password,email,create_time,address FROM user WHERE phone = ? 
2020-04-22 13:24:26.624 DEBUG 1376 --- [http-nio-8080-exec-7] c.h.manage.mapper.UserMapper.selectOne   : ==> Parameters: 18867508906(String)
2020-04-22 13:24:26.751 DEBUG 1376 --- [http-nio-8080-exec-7] c.h.manage.mapper.UserMapper.selectOne   : <==      Total: 1
2020-04-22 13:24:26.752 DEBUG 1376 --- [http-nio-8080-exec-7] c.h.m.m.UserMapper.selectUserByPhone     : ==>  Preparing: select * from user where phone = ? 
2020-04-22 13:24:26.753 DEBUG 1376 --- [http-nio-8080-exec-7] c.h.m.m.UserMapper.selectUserByPhone     : ==> Parameters: 18867508906(String)
2020-04-22 13:24:26.755 DEBUG 1376 --- [http-nio-8080-exec-7] c.h.m.m.UserMapper.selectUserByPhone     : <==      Total: 1
2020-04-22 13:24:26.813 DEBUG 1376 --- [http-nio-8080-exec-9] c.h.m.mapper.ProductMapper.selectPage    : ==>  Preparing: SELECT COUNT(1) FROM product 
2020-04-22 13:24:26.813 DEBUG 1376 --- [http-nio-8080-exec-9] c.h.m.mapper.ProductMapper.selectPage    : ==> Parameters: 
2020-04-22 13:24:26.817 DEBUG 1376 --- [http-nio-8080-exec-9] c.h.m.mapper.ProductMapper.selectPage    : ==>  Preparing: SELECT id,name,class_id,price,pic,storage,shelf_life,manufacturer_con,pro_number,series,provinces,factory_name,ingredients,net_content,store_method,brand,model,color,introduce FROM product LIMIT ?,? 
2020-04-22 13:24:26.817 DEBUG 1376 --- [http-nio-8080-exec-9] c.h.m.mapper.ProductMapper.selectPage    : ==> Parameters: 0(Long), 4(Long)
2020-04-22 13:24:26.823 DEBUG 1376 --- [http-nio-8080-exec-9] c.h.m.mapper.ProductMapper.selectPage    : <==      Total: 4
2020-04-22 13:24:26.854  WARN 1376 --- [http-nio-8080-exec-10] .w.s.m.s.DefaultHandlerExceptionResolver : Resolved [org.springframework.web.HttpRequestMethodNotSupportedException: Request method 'GET' not supported]
2020-04-22 13:31:48.802 DEBUG 1376 --- [http-nio-8080-exec-4] c.h.manage.mapper.FoodMapper.selectFood  : ==>  Preparing: select * from food where name like CONCAT("%",?,"%") 
2020-04-22 13:31:48.803 DEBUG 1376 --- [http-nio-8080-exec-4] c.h.manage.mapper.FoodMapper.selectFood  : ==> Parameters: null
2020-04-22 13:31:49.014 DEBUG 1376 --- [http-nio-8080-exec-4] c.h.manage.mapper.FoodMapper.selectFood  : <==      Total: 0
2020-04-22 13:34:17.634 DEBUG 1376 --- [http-nio-8080-exec-7] c.h.manage.mapper.FoodMapper.selectFood  : ==>  Preparing: select * from food where name like CONCAT("%",?,"%") 
2020-04-22 13:34:17.635 DEBUG 1376 --- [http-nio-8080-exec-7] c.h.manage.mapper.FoodMapper.selectFood  : ==> Parameters: (String)
2020-04-22 13:34:17.694 DEBUG 1376 --- [http-nio-8080-exec-7] c.h.manage.mapper.FoodMapper.selectFood  : <==      Total: 69
2020-04-22 13:36:13.721 DEBUG 1376 --- [http-nio-8080-exec-10] c.h.manage.mapper.FoodMapper.selectFood  : ==>  Preparing: select * from food where name like CONCAT("%",?,"%") 
2020-04-22 13:36:13.721 DEBUG 1376 --- [http-nio-8080-exec-10] c.h.manage.mapper.FoodMapper.selectFood  : ==> Parameters: (String)
2020-04-22 13:36:13.729 DEBUG 1376 --- [http-nio-8080-exec-10] c.h.manage.mapper.FoodMapper.selectFood  : <==      Total: 69
2020-04-22 13:36:23.491 DEBUG 1376 --- [http-nio-8080-exec-1] c.h.manage.mapper.FoodMapper.selectFood  : ==>  Preparing: select * from food where name like CONCAT("%",?,"%") 
2020-04-22 13:36:23.491 DEBUG 1376 --- [http-nio-8080-exec-1] c.h.manage.mapper.FoodMapper.selectFood  : ==> Parameters: (String)
2020-04-22 13:36:23.498 DEBUG 1376 --- [http-nio-8080-exec-1] c.h.manage.mapper.FoodMapper.selectFood  : <==      Total: 69
2020-04-22 13:36:57.303 DEBUG 1376 --- [http-nio-8080-exec-4] c.h.manage.mapper.FoodMapper.selectFood  : ==>  Preparing: select * from food where name like CONCAT("%",?,"%") 
2020-04-22 13:36:57.304 DEBUG 1376 --- [http-nio-8080-exec-4] c.h.manage.mapper.FoodMapper.selectFood  : ==> Parameters: (String)
2020-04-22 13:36:57.309 DEBUG 1376 --- [http-nio-8080-exec-4] c.h.manage.mapper.FoodMapper.selectFood  : <==      Total: 69
2020-04-22 13:37:11.709 DEBUG 1376 --- [http-nio-8080-exec-6] c.h.manage.mapper.FoodMapper.selectFood  : ==>  Preparing: select * from food where name like CONCAT("%",?,"%") 
2020-04-22 13:37:11.710 DEBUG 1376 --- [http-nio-8080-exec-6] c.h.manage.mapper.FoodMapper.selectFood  : ==> Parameters: (String)
2020-04-22 13:37:11.713 DEBUG 1376 --- [http-nio-8080-exec-6] c.h.manage.mapper.FoodMapper.selectFood  : <==      Total: 69
2020-04-22 13:37:23.372 DEBUG 1376 --- [http-nio-8080-exec-8] c.h.manage.mapper.FoodMapper.selectFood  : ==>  Preparing: select * from food where name like CONCAT("%",?,"%") 
2020-04-22 13:37:23.374 DEBUG 1376 --- [http-nio-8080-exec-8] c.h.manage.mapper.FoodMapper.selectFood  : ==> Parameters: (String)
2020-04-22 13:37:23.380 DEBUG 1376 --- [http-nio-8080-exec-8] c.h.manage.mapper.FoodMapper.selectFood  : <==      Total: 69
2020-04-22 13:39:43.277 DEBUG 1376 --- [http-nio-8080-exec-2] c.h.manage.mapper.FoodMapper.selectFood  : ==>  Preparing: select * from food where name like CONCAT("%",?,"%") 
2020-04-22 13:39:43.277 DEBUG 1376 --- [http-nio-8080-exec-2] c.h.manage.mapper.FoodMapper.selectFood  : ==> Parameters: (String)
2020-04-22 13:39:43.282 DEBUG 1376 --- [http-nio-8080-exec-2] c.h.manage.mapper.FoodMapper.selectFood  : <==      Total: 69
2020-04-22 13:56:42.166 DEBUG 1376 --- [http-nio-8080-exec-4] c.h.manage.mapper.FoodMapper.selectFood  : ==>  Preparing: select * from food where name like CONCAT("%",?,"%") 
2020-04-22 13:56:42.168 DEBUG 1376 --- [http-nio-8080-exec-4] c.h.manage.mapper.FoodMapper.selectFood  : ==> Parameters: (String)
2020-04-22 13:56:42.172 DEBUG 1376 --- [http-nio-8080-exec-4] c.h.manage.mapper.FoodMapper.selectFood  : <==      Total: 69
2020-04-22 13:56:45.162 DEBUG 1376 --- [http-nio-8080-exec-5] c.h.manage.mapper.FoodMapper.selectFood  : ==>  Preparing: select * from food where name like CONCAT("%",?,"%") 
2020-04-22 13:56:45.164 DEBUG 1376 --- [http-nio-8080-exec-5] c.h.manage.mapper.FoodMapper.selectFood  : ==> Parameters: 菜(String)
2020-04-22 13:56:45.167 DEBUG 1376 --- [http-nio-8080-exec-5] c.h.manage.mapper.FoodMapper.selectFood  : <==      Total: 9
2020-04-22 13:56:48.500 DEBUG 1376 --- [http-nio-8080-exec-7] c.h.manage.mapper.FoodMapper.selectFood  : ==>  Preparing: select * from food where name like CONCAT("%",?,"%") 
2020-04-22 13:56:48.501 DEBUG 1376 --- [http-nio-8080-exec-7] c.h.manage.mapper.FoodMapper.selectFood  : ==> Parameters: (String)
2020-04-22 13:56:48.504 DEBUG 1376 --- [http-nio-8080-exec-7] c.h.manage.mapper.FoodMapper.selectFood  : <==      Total: 69
2020-04-22 13:57:13.895 DEBUG 1376 --- [http-nio-8080-exec-9] c.h.manage.mapper.FoodMapper.selectFood  : ==>  Preparing: select * from food where name like CONCAT("%",?,"%") 
2020-04-22 13:57:13.897 DEBUG 1376 --- [http-nio-8080-exec-9] c.h.manage.mapper.FoodMapper.selectFood  : ==> Parameters: (String)
2020-04-22 13:57:13.902 DEBUG 1376 --- [http-nio-8080-exec-9] c.h.manage.mapper.FoodMapper.selectFood  : <==      Total: 69
2020-04-22 14:01:06.558 DEBUG 1376 --- [http-nio-8080-exec-1] c.h.manage.mapper.FoodMapper.selectFood  : ==>  Preparing: select * from food where name like CONCAT("%",?,"%") 
2020-04-22 14:01:06.559 DEBUG 1376 --- [http-nio-8080-exec-1] c.h.manage.mapper.FoodMapper.selectFood  : ==> Parameters: (String)
2020-04-22 14:01:06.561 DEBUG 1376 --- [http-nio-8080-exec-1] c.h.manage.mapper.FoodMapper.selectFood  : <==      Total: 69
2020-04-22 14:01:17.505 DEBUG 1376 --- [http-nio-8080-exec-4] c.h.manage.mapper.FoodMapper.selectFood  : ==>  Preparing: select * from food where name like CONCAT("%",?,"%") 
2020-04-22 14:01:17.505 DEBUG 1376 --- [http-nio-8080-exec-4] c.h.manage.mapper.FoodMapper.selectFood  : ==> Parameters: 可乐(String)
2020-04-22 14:01:17.506 DEBUG 1376 --- [http-nio-8080-exec-4] c.h.manage.mapper.FoodMapper.selectFood  : <==      Total: 1
2020-04-22 14:01:26.676 DEBUG 1376 --- [http-nio-8080-exec-6] c.h.manage.mapper.FoodMapper.selectFood  : ==>  Preparing: select * from food where name like CONCAT("%",?,"%") 
2020-04-22 14:01:26.677 DEBUG 1376 --- [http-nio-8080-exec-6] c.h.manage.mapper.FoodMapper.selectFood  : ==> Parameters: 可乐(String)
2020-04-22 14:01:26.680 DEBUG 1376 --- [http-nio-8080-exec-6] c.h.manage.mapper.FoodMapper.selectFood  : <==      Total: 1
2020-04-22 14:01:30.644 DEBUG 1376 --- [http-nio-8080-exec-7] c.h.manage.mapper.FoodMapper.selectFood  : ==>  Preparing: select * from food where name like CONCAT("%",?,"%") 
2020-04-22 14:01:30.645 DEBUG 1376 --- [http-nio-8080-exec-7] c.h.manage.mapper.FoodMapper.selectFood  : ==> Parameters: (String)
2020-04-22 14:01:30.647 DEBUG 1376 --- [http-nio-8080-exec-7] c.h.manage.mapper.FoodMapper.selectFood  : <==      Total: 69
2020-04-22 14:17:31.438 DEBUG 1376 --- [http-nio-8080-exec-10] c.h.manage.mapper.FoodMapper.selectFood  : ==>  Preparing: select * from food where name like CONCAT("%",?,"%") 
2020-04-22 14:17:31.439 DEBUG 1376 --- [http-nio-8080-exec-10] c.h.manage.mapper.FoodMapper.selectFood  : ==> Parameters: (String)
2020-04-22 14:17:31.442 DEBUG 1376 --- [http-nio-8080-exec-10] c.h.manage.mapper.FoodMapper.selectFood  : <==      Total: 69
2020-04-22 14:21:53.419 DEBUG 1376 --- [http-nio-8080-exec-3] c.h.manage.mapper.FoodMapper.selectFood  : ==>  Preparing: select * from food where name like CONCAT("%",?,"%") 
2020-04-22 14:21:53.420 DEBUG 1376 --- [http-nio-8080-exec-3] c.h.manage.mapper.FoodMapper.selectFood  : ==> Parameters: (String)
2020-04-22 14:21:53.423 DEBUG 1376 --- [http-nio-8080-exec-3] c.h.manage.mapper.FoodMapper.selectFood  : <==      Total: 69
2020-04-22 14:23:10.583 DEBUG 1376 --- [http-nio-8080-exec-6] c.h.manage.mapper.FoodMapper.selectFood  : ==>  Preparing: select * from food where name like CONCAT("%",?,"%") 
2020-04-22 14:23:10.583 DEBUG 1376 --- [http-nio-8080-exec-6] c.h.manage.mapper.FoodMapper.selectFood  : ==> Parameters: (String)
2020-04-22 14:23:10.585 DEBUG 1376 --- [http-nio-8080-exec-6] c.h.manage.mapper.FoodMapper.selectFood  : <==      Total: 69
2020-04-22 14:24:01.355 DEBUG 1376 --- [http-nio-8080-exec-8] c.h.manage.mapper.FoodMapper.selectFood  : ==>  Preparing: select * from food where name like CONCAT("%",?,"%") 
2020-04-22 14:24:01.373 DEBUG 1376 --- [http-nio-8080-exec-8] c.h.manage.mapper.FoodMapper.selectFood  : ==> Parameters: (String)
2020-04-22 14:24:01.382 DEBUG 1376 --- [http-nio-8080-exec-8] c.h.manage.mapper.FoodMapper.selectFood  : <==      Total: 69
2020-04-22 14:24:09.877 DEBUG 1376 --- [http-nio-8080-exec-10] c.h.m.m.ExerciseMapper.selectExercise    : ==>  Preparing: select * from exercise where name like CONCAT("%",?,"%") 
2020-04-22 14:24:09.879 DEBUG 1376 --- [http-nio-8080-exec-10] c.h.m.m.ExerciseMapper.selectExercise    : ==> Parameters: (String)
2020-04-22 14:24:09.891 DEBUG 1376 --- [http-nio-8080-exec-10] c.h.m.m.ExerciseMapper.selectExercise    : <==      Total: 30
